This is pdfTeX, Version 3.1415926-2.5-1.40.14 (TeX Live 2013/Debian) (format=pdflatex 2016.1.13)  9 SEP 2016 20:23
entering extended mode
 restricted \write18 enabled.
 %&-line parsing enabled.
**ism_new.tex
(./ism_new.tex
LaTeX2e <2011/06/27>
Babel <3.9h> and hyphenation patterns for 2 languages loaded.
(/usr/share/texmf/tex/latex/beamer/base/beamer.cls
(/usr/share/texmf/tex/latex/beamer/base/beamerbasercs.sty
Package: beamerbasercs 2012/11/13 (rcs-revision cb16a617839f)
)
Document Class: beamer 2012/10/15 development version 3.24 A class for typesett
ing presentations (rcs-revision 24853e6b98cf)
(/usr/share/texmf/tex/latex/beamer/base/beamerbasemodes.sty
Package: beamerbasemodes 2012/04/15 (rcs-revision cc6557182d97)
\beamer@tempbox=\box26
\beamer@tempcount=\count79
\c@beamerpauses=\count80

(/usr/share/texmf/tex/latex/beamer/base/beamerbasedecode.sty
Package: beamerbasedecode 2010/05/01 (rcs-revision efa082c6111d)
\beamer@slideinframe=\count81
\beamer@minimum=\count82
)
\beamer@commentbox=\box27
\beamer@modecount=\count83
)
(/usr/share/texlive/texmf-dist/tex/generic/oberdiek/ifpdf.sty
Package: ifpdf 2011/01/30 v2.3 Provides the ifpdf switch (HO)
Package ifpdf Info: pdfTeX in PDF mode is detected.
)
\headheight=\dimen102
\headdp=\dimen103
\footheight=\dimen104
\sidebarheight=\dimen105
\beamer@tempdim=\dimen106
\beamer@finalheight=\dimen107
\beamer@animht=\dimen108
\beamer@animdp=\dimen109
\beamer@animwd=\dimen110
\beamer@leftmargin=\dimen111
\beamer@rightmargin=\dimen112
\beamer@leftsidebar=\dimen113
\beamer@rightsidebar=\dimen114
\beamer@boxsize=\dimen115
\beamer@vboxoffset=\dimen116
\beamer@descdefault=\dimen117
\beamer@descriptionwidth=\dimen118
\beamer@lastskip=\skip41
\beamer@areabox=\box28
\beamer@animcurrent=\box29
\beamer@animshowbox=\box30
\beamer@sectionbox=\box31
\beamer@logobox=\box32
\beamer@linebox=\box33
\beamer@sectioncount=\count84
\beamer@subsubsectionmax=\count85
\beamer@subsectionmax=\count86
\beamer@sectionmax=\count87
\beamer@totalheads=\count88
\beamer@headcounter=\count89
\beamer@partstartpage=\count90
\beamer@sectionstartpage=\count91
\beamer@subsectionstartpage=\count92
\beamer@animationtempa=\count93
\beamer@animationtempb=\count94
\beamer@xpos=\count95
\beamer@ypos=\count96
\beamer@showpartnumber=\count97
\beamer@currentsubsection=\count98
\beamer@coveringdepth=\count99
\beamer@sectionadjust=\count100
\beamer@tocsectionnumber=\count101

(/usr/share/texmf/tex/latex/beamer/base/beamerbaseoptions.sty
Package: beamerbaseoptions 2010/04/27 (rcs-revision 982469101dd6)

(/usr/share/texlive/texmf-dist/tex/latex/graphics/keyval.sty
Package: keyval 1999/03/16 v1.13 key=value parser (DPC)
\KV@toks@=\toks14
))
\beamer@paperwidth=\skip42
\beamer@paperheight=\skip43

(/usr/share/texlive/texmf-dist/tex/latex/geometry/geometry.sty
Package: geometry 2010/09/12 v5.6 Page Geometry

(/usr/share/texlive/texmf-dist/tex/generic/oberdiek/ifvtex.sty
Package: ifvtex 2010/03/01 v1.5 Detect VTeX and its facilities (HO)
Package ifvtex Info: VTeX not detected.
)
(/usr/share/texlive/texmf-dist/tex/generic/ifxetex/ifxetex.sty
Package: ifxetex 2010/09/12 v0.6 Provides ifxetex conditional
)
\Gm@cnth=\count102
\Gm@cntv=\count103
\c@Gm@tempcnt=\count104
\Gm@bindingoffset=\dimen119
\Gm@wd@mp=\dimen120
\Gm@odd@mp=\dimen121
\Gm@even@mp=\dimen122
\Gm@layoutwidth=\dimen123
\Gm@layoutheight=\dimen124
\Gm@layouthoffset=\dimen125
\Gm@layoutvoffset=\dimen126
\Gm@dimlist=\toks15
)
(/usr/share/texlive/texmf-dist/tex/latex/base/size10.clo
File: size10.clo 2007/10/19 v1.4h Standard LaTeX file (size option)
)
(/usr/share/texmf/tex/latex/pgf/basiclayer/pgfcore.sty
(/usr/share/texlive/texmf-dist/tex/latex/graphics/graphicx.sty
Package: graphicx 1999/02/16 v1.0f Enhanced LaTeX Graphics (DPC,SPQR)

(/usr/share/texlive/texmf-dist/tex/latex/graphics/graphics.sty
Package: graphics 2009/02/05 v1.0o Standard LaTeX Graphics (DPC,SPQR)

(/usr/share/texlive/texmf-dist/tex/latex/graphics/trig.sty
Package: trig 1999/03/16 v1.09 sin cos tan (DPC)
)
(/usr/share/texlive/texmf-dist/tex/latex/latexconfig/graphics.cfg
File: graphics.cfg 2010/04/23 v1.9 graphics configuration of TeX Live
)
Package graphics Info: Driver file: pdftex.def on input line 91.

(/usr/share/texlive/texmf-dist/tex/latex/pdftex-def/pdftex.def
File: pdftex.def 2011/05/27 v0.06d Graphics/color for pdfTeX

(/usr/share/texlive/texmf-dist/tex/generic/oberdiek/infwarerr.sty
Package: infwarerr 2010/04/08 v1.3 Providing info/warning/error messages (HO)
)
(/usr/share/texlive/texmf-dist/tex/generic/oberdiek/ltxcmds.sty
Package: ltxcmds 2011/11/09 v1.22 LaTeX kernel commands for general use (HO)
)
\Gread@gobject=\count105
))
\Gin@req@height=\dimen127
\Gin@req@width=\dimen128
)
(/usr/share/texmf/tex/latex/pgf/systemlayer/pgfsys.sty
(/usr/share/texmf/tex/latex/pgf/utilities/pgfrcs.sty
(/usr/share/texmf/tex/generic/pgf/utilities/pgfutil-common.tex
\pgfutil@everybye=\toks16
)
(/usr/share/texmf/tex/generic/pgf/utilities/pgfutil-latex.def
\pgfutil@abb=\box34

(/usr/share/texlive/texmf-dist/tex/latex/ms/everyshi.sty
Package: everyshi 2001/05/15 v3.00 EveryShipout Package (MS)
))
(/usr/share/texmf/tex/generic/pgf/utilities/pgfrcs.code.tex
Package: pgfrcs 2010/10/25 v2.10 (rcs-revision 1.24)
))
(/usr/share/texmf/tex/generic/pgf/systemlayer/pgfsys.code.tex
Package: pgfsys 2010/06/30 v2.10 (rcs-revision 1.37)

(/usr/share/texmf/tex/generic/pgf/utilities/pgfkeys.code.tex
\pgfkeys@pathtoks=\toks17
\pgfkeys@temptoks=\toks18

(/usr/share/texmf/tex/generic/pgf/utilities/pgfkeysfiltered.code.tex
\pgfkeys@tmptoks=\toks19
))
\pgf@x=\dimen129
\pgf@y=\dimen130
\pgf@xa=\dimen131
\pgf@ya=\dimen132
\pgf@xb=\dimen133
\pgf@yb=\dimen134
\pgf@xc=\dimen135
\pgf@yc=\dimen136
\w@pgf@writea=\write3
\r@pgf@reada=\read1
\c@pgf@counta=\count106
\c@pgf@countb=\count107
\c@pgf@countc=\count108
\c@pgf@countd=\count109

(/usr/share/texmf/tex/generic/pgf/systemlayer/pgf.cfg
File: pgf.cfg 2008/05/14  (rcs-revision 1.7)
)
Package pgfsys Info: Driver file for pgf: pgfsys-pdftex.def on input line 900.

(/usr/share/texmf/tex/generic/pgf/systemlayer/pgfsys-pdftex.def
File: pgfsys-pdftex.def 2009/05/22  (rcs-revision 1.26)

(/usr/share/texmf/tex/generic/pgf/systemlayer/pgfsys-common-pdf.def
File: pgfsys-common-pdf.def 2008/05/19  (rcs-revision 1.10)
)))
(/usr/share/texmf/tex/generic/pgf/systemlayer/pgfsyssoftpath.code.tex
File: pgfsyssoftpath.code.tex 2008/07/18  (rcs-revision 1.7)
\pgfsyssoftpath@smallbuffer@items=\count110
\pgfsyssoftpath@bigbuffer@items=\count111
)
(/usr/share/texmf/tex/generic/pgf/systemlayer/pgfsysprotocol.code.tex
File: pgfsysprotocol.code.tex 2006/10/16  (rcs-revision 1.4)
))
(/usr/share/texmf/tex/latex/xcolor/xcolor.sty
Package: xcolor 2007/01/21 v2.11 LaTeX color extensions (UK)

(/usr/share/texlive/texmf-dist/tex/latex/latexconfig/color.cfg
File: color.cfg 2007/01/18 v1.5 color configuration of teTeX/TeXLive
)
Package xcolor Info: Driver file: pdftex.def on input line 225.
Package xcolor Info: Model `cmy' substituted by `cmy0' on input line 1337.
Package xcolor Info: Model `hsb' substituted by `rgb' on input line 1341.
Package xcolor Info: Model `RGB' extended on input line 1353.
Package xcolor Info: Model `HTML' substituted by `rgb' on input line 1355.
Package xcolor Info: Model `Hsb' substituted by `hsb' on input line 1356.
Package xcolor Info: Model `tHsb' substituted by `hsb' on input line 1357.
Package xcolor Info: Model `HSB' substituted by `hsb' on input line 1358.
Package xcolor Info: Model `Gray' substituted by `gray' on input line 1359.
Package xcolor Info: Model `wave' substituted by `hsb' on input line 1360.
)
(/usr/share/texmf/tex/generic/pgf/basiclayer/pgfcore.code.tex
Package: pgfcore 2010/04/11 v2.10 (rcs-revision 1.7)

(/usr/share/texmf/tex/generic/pgf/math/pgfmath.code.tex
(/usr/share/texmf/tex/generic/pgf/math/pgfmathcalc.code.tex
(/usr/share/texmf/tex/generic/pgf/math/pgfmathutil.code.tex)
(/usr/share/texmf/tex/generic/pgf/math/pgfmathparser.code.tex
\pgfmath@dimen=\dimen137
\pgfmath@count=\count112
\pgfmath@box=\box35
\pgfmath@toks=\toks20
\pgfmath@stack@operand=\toks21
\pgfmath@stack@operation=\toks22
)
(/usr/share/texmf/tex/generic/pgf/math/pgfmathfunctions.code.tex
(/usr/share/texmf/tex/generic/pgf/math/pgfmathfunctions.basic.code.tex)
(/usr/share/texmf/tex/generic/pgf/math/pgfmathfunctions.trigonometric.code.tex)
(/usr/share/texmf/tex/generic/pgf/math/pgfmathfunctions.random.code.tex)
(/usr/share/texmf/tex/generic/pgf/math/pgfmathfunctions.comparison.code.tex)
(/usr/share/texmf/tex/generic/pgf/math/pgfmathfunctions.base.code.tex)
(/usr/share/texmf/tex/generic/pgf/math/pgfmathfunctions.round.code.tex)
(/usr/share/texmf/tex/generic/pgf/math/pgfmathfunctions.misc.code.tex)))
(/usr/share/texmf/tex/generic/pgf/math/pgfmathfloat.code.tex
\c@pgfmathroundto@lastzeros=\count113
))
(/usr/share/texmf/tex/generic/pgf/basiclayer/pgfcorepoints.code.tex
File: pgfcorepoints.code.tex 2010/04/09  (rcs-revision 1.20)
\pgf@picminx=\dimen138
\pgf@picmaxx=\dimen139
\pgf@picminy=\dimen140
\pgf@picmaxy=\dimen141
\pgf@pathminx=\dimen142
\pgf@pathmaxx=\dimen143
\pgf@pathminy=\dimen144
\pgf@pathmaxy=\dimen145
\pgf@xx=\dimen146
\pgf@xy=\dimen147
\pgf@yx=\dimen148
\pgf@yy=\dimen149
\pgf@zx=\dimen150
\pgf@zy=\dimen151
)
(/usr/share/texmf/tex/generic/pgf/basiclayer/pgfcorepathconstruct.code.tex
File: pgfcorepathconstruct.code.tex 2010/08/03  (rcs-revision 1.24)
\pgf@path@lastx=\dimen152
\pgf@path@lasty=\dimen153
)
(/usr/share/texmf/tex/generic/pgf/basiclayer/pgfcorepathusage.code.tex
File: pgfcorepathusage.code.tex 2008/04/22  (rcs-revision 1.12)
\pgf@shorten@end@additional=\dimen154
\pgf@shorten@start@additional=\dimen155
)
(/usr/share/texmf/tex/generic/pgf/basiclayer/pgfcorescopes.code.tex
File: pgfcorescopes.code.tex 2010/09/08  (rcs-revision 1.34)
\pgfpic=\box36
\pgf@hbox=\box37
\pgf@layerbox@main=\box38
\pgf@picture@serial@count=\count114
)
(/usr/share/texmf/tex/generic/pgf/basiclayer/pgfcoregraphicstate.code.tex
File: pgfcoregraphicstate.code.tex 2008/04/22  (rcs-revision 1.9)
\pgflinewidth=\dimen156
)
(/usr/share/texmf/tex/generic/pgf/basiclayer/pgfcoretransformations.code.tex
File: pgfcoretransformations.code.tex 2009/06/10  (rcs-revision 1.11)
\pgf@pt@x=\dimen157
\pgf@pt@y=\dimen158
\pgf@pt@temp=\dimen159
)
(/usr/share/texmf/tex/generic/pgf/basiclayer/pgfcorequick.code.tex
File: pgfcorequick.code.tex 2008/10/09  (rcs-revision 1.3)
)
(/usr/share/texmf/tex/generic/pgf/basiclayer/pgfcoreobjects.code.tex
File: pgfcoreobjects.code.tex 2006/10/11  (rcs-revision 1.2)
)
(/usr/share/texmf/tex/generic/pgf/basiclayer/pgfcorepathprocessing.code.tex
File: pgfcorepathprocessing.code.tex 2008/10/09  (rcs-revision 1.8)
)
(/usr/share/texmf/tex/generic/pgf/basiclayer/pgfcorearrows.code.tex
File: pgfcorearrows.code.tex 2008/04/23  (rcs-revision 1.11)
)
(/usr/share/texmf/tex/generic/pgf/basiclayer/pgfcoreshade.code.tex
File: pgfcoreshade.code.tex 2008/11/23  (rcs-revision 1.13)
\pgf@max=\dimen160
\pgf@sys@shading@range@num=\count115
)
(/usr/share/texmf/tex/generic/pgf/basiclayer/pgfcoreimage.code.tex
File: pgfcoreimage.code.tex 2010/03/25  (rcs-revision 1.16)

(/usr/share/texmf/tex/generic/pgf/basiclayer/pgfcoreexternal.code.tex
File: pgfcoreexternal.code.tex 2010/09/01  (rcs-revision 1.17)
\pgfexternal@startupbox=\box39
))
(/usr/share/texmf/tex/generic/pgf/basiclayer/pgfcorelayers.code.tex
File: pgfcorelayers.code.tex 2010/08/27  (rcs-revision 1.2)
)
(/usr/share/texmf/tex/generic/pgf/basiclayer/pgfcoretransparency.code.tex
File: pgfcoretransparency.code.tex 2008/01/17  (rcs-revision 1.2)
)
(/usr/share/texmf/tex/generic/pgf/basiclayer/pgfcorepatterns.code.tex
File: pgfcorepatterns.code.tex 2009/07/02  (rcs-revision 1.3)
)))
(/usr/share/texmf/tex/latex/pgf/utilities/xxcolor.sty
Package: xxcolor 2003/10/24 ver 0.1
\XC@nummixins=\count116
\XC@countmixins=\count117
)
(/usr/share/texlive/texmf-dist/tex/latex/hyperref/hyperref.sty
Package: hyperref 2012/11/06 v6.83m Hypertext links for LaTeX

(/usr/share/texlive/texmf-dist/tex/generic/oberdiek/hobsub-hyperref.sty
Package: hobsub-hyperref 2012/05/28 v1.13 Bundle oberdiek, subset hyperref (HO)


(/usr/share/texlive/texmf-dist/tex/generic/oberdiek/hobsub-generic.sty
Package: hobsub-generic 2012/05/28 v1.13 Bundle oberdiek, subset generic (HO)
Package: hobsub 2012/05/28 v1.13 Construct package bundles (HO)
Package hobsub Info: Skipping package `infwarerr' (already loaded).
Package hobsub Info: Skipping package `ltxcmds' (already loaded).
Package: ifluatex 2010/03/01 v1.3 Provides the ifluatex switch (HO)
Package ifluatex Info: LuaTeX not detected.
Package hobsub Info: Skipping package `ifvtex' (already loaded).
Package: intcalc 2007/09/27 v1.1 Expandable calculations with integers (HO)
Package hobsub Info: Skipping package `ifpdf' (already loaded).
Package: etexcmds 2011/02/16 v1.5 Avoid name clashes with e-TeX commands (HO)
Package etexcmds Info: Could not find \expanded.
(etexcmds)             That can mean that you are not using pdfTeX 1.50 or
(etexcmds)             that some package has redefined \expanded.
(etexcmds)             In the latter case, load this package earlier.
Package: kvsetkeys 2012/04/25 v1.16 Key value parser (HO)
Package: kvdefinekeys 2011/04/07 v1.3 Define keys (HO)
Package: pdftexcmds 2011/11/29 v0.20 Utility functions of pdfTeX for LuaTeX (HO
)
Package pdftexcmds Info: LuaTeX not detected.
Package pdftexcmds Info: \pdf@primitive is available.
Package pdftexcmds Info: \pdf@ifprimitive is available.
Package pdftexcmds Info: \pdfdraftmode found.
Package: pdfescape 2011/11/25 v1.13 Implements pdfTeX's escape features (HO)
Package: bigintcalc 2012/04/08 v1.3 Expandable calculations on big integers (HO
)
Package: bitset 2011/01/30 v1.1 Handle bit-vector datatype (HO)
Package: uniquecounter 2011/01/30 v1.2 Provide unlimited unique counter (HO)
)
Package hobsub Info: Skipping package `hobsub' (already loaded).
Package: letltxmacro 2010/09/02 v1.4 Let assignment for LaTeX macros (HO)
Package: hopatch 2012/05/28 v1.2 Wrapper for package hooks (HO)
Package: xcolor-patch 2011/01/30 xcolor patch
Package: atveryend 2011/06/30 v1.8 Hooks at the very end of document (HO)
Package atveryend Info: \enddocument detected (standard20110627).
Package: atbegshi 2011/10/05 v1.16 At begin shipout hook (HO)
Package: refcount 2011/10/16 v3.4 Data extraction from label references (HO)
Package: hycolor 2011/01/30 v1.7 Color options for hyperref/bookmark (HO)
)
(/usr/share/texlive/texmf-dist/tex/latex/oberdiek/auxhook.sty
Package: auxhook 2011/03/04 v1.3 Hooks for auxiliary files (HO)
)
(/usr/share/texlive/texmf-dist/tex/latex/oberdiek/kvoptions.sty
Package: kvoptions 2011/06/30 v3.11 Key value format for package options (HO)
)
\@linkdim=\dimen161
\Hy@linkcounter=\count118
\Hy@pagecounter=\count119

(/usr/share/texlive/texmf-dist/tex/latex/hyperref/pd1enc.def
File: pd1enc.def 2012/11/06 v6.83m Hyperref: PDFDocEncoding definition (HO)
)
\Hy@SavedSpaceFactor=\count120

(/usr/share/texlive/texmf-dist/tex/latex/latexconfig/hyperref.cfg
File: hyperref.cfg 2002/06/06 v1.2 hyperref configuration of TeXLive
)
Package hyperref Info: Option `bookmarks' set `true' on input line 4319.
Package hyperref Info: Option `bookmarksopen' set `true' on input line 4319.
Package hyperref Info: Option `implicit' set `false' on input line 4319.
Package hyperref Info: Hyper figures OFF on input line 4443.
Package hyperref Info: Link nesting OFF on input line 4448.
Package hyperref Info: Hyper index ON on input line 4451.
Package hyperref Info: Plain pages OFF on input line 4458.
Package hyperref Info: Backreferencing OFF on input line 4463.
Package hyperref Info: Implicit mode OFF; no redefinition of LaTeX internals.
Package hyperref Info: Bookmarks ON on input line 4688.
\c@Hy@tempcnt=\count121

(/usr/share/texlive/texmf-dist/tex/latex/url/url.sty
\Urlmuskip=\muskip10
Package: url 2013/09/16  ver 3.4  Verb mode for urls, etc.
)
LaTeX Info: Redefining \url on input line 5041.
\XeTeXLinkMargin=\dimen162
\Fld@menulength=\count122
\Field@Width=\dimen163
\Fld@charsize=\dimen164
Package hyperref Info: Hyper figures OFF on input line 6295.
Package hyperref Info: Link nesting OFF on input line 6300.
Package hyperref Info: Hyper index ON on input line 6303.
Package hyperref Info: backreferencing OFF on input line 6310.
Package hyperref Info: Link coloring OFF on input line 6315.
Package hyperref Info: Link coloring with OCG OFF on input line 6320.
Package hyperref Info: PDF/A mode OFF on input line 6325.
LaTeX Info: Redefining \ref on input line 6365.
LaTeX Info: Redefining \pageref on input line 6369.
\Hy@abspage=\count123


Package hyperref Message: Stopped early.

)

Package hyperref Message: Driver (autodetected): hpdftex.

(/usr/share/texlive/texmf-dist/tex/latex/hyperref/hpdftex.def
File: hpdftex.def 2012/11/06 v6.83m Hyperref driver for pdfTeX
\Fld@listcount=\count124
\c@bookmark@seq@number=\count125

(/usr/share/texlive/texmf-dist/tex/latex/oberdiek/rerunfilecheck.sty
Package: rerunfilecheck 2011/04/15 v1.7 Rerun checks for auxiliary files (HO)
Package uniquecounter Info: New unique counter `rerunfilecheck' on input line 2
82.
))
(/usr/share/texmf/tex/latex/beamer/base/beamerbaserequires.sty
Package: beamerbaserequires 2010/05/01  (rcs-revision efa082c6111d)

(/usr/share/texmf/tex/latex/beamer/base/beamerbasecompatibility.sty
Package: beamerbasecompatibility 2012/05/01  (rcs-revision 67c48b3b652d)
)
(/usr/share/texmf/tex/latex/beamer/base/beamerbasefont.sty
Package: beamerbasefont 2012/09/19  (rcs-revision 733629cd0c6c)

(/usr/share/texlive/texmf-dist/tex/latex/amsfonts/amssymb.sty
Package: amssymb 2013/01/14 v3.01 AMS font symbols

(/usr/share/texlive/texmf-dist/tex/latex/amsfonts/amsfonts.sty
Package: amsfonts 2013/01/14 v3.01 Basic AMSFonts support
\@emptytoks=\toks23
\symAMSa=\mathgroup4
\symAMSb=\mathgroup5
LaTeX Font Info:    Overwriting math alphabet `\mathfrak' in version `bold'
(Font)                  U/euf/m/n --> U/euf/b/n on input line 106.
)))
(/usr/share/texmf/tex/latex/beamer/base/beamerbasetranslator.sty
Package: beamerbasetranslator 2010/06/11  (rcs-revision 85fd1cc7fc42)

(/usr/share/texmf/tex/latex/beamer/base/translator/translator.sty
Package: translator 2010/06/12 ver 1.10

(/usr/share/texmf/tex/latex/beamer/base/translator/translator-language-mappings
.tex))) (/usr/share/texmf/tex/latex/beamer/base/beamerbasemisc.sty
Package: beamerbasemisc 2012/02/24  (rcs-revision 2ff5461be705)
)
(/usr/share/texmf/tex/latex/beamer/base/beamerbasetwoscreens.sty
Package: beamerbasetwoscreens 2010/05/01  (rcs-revision efa082c6111d)
)
(/usr/share/texmf/tex/latex/beamer/base/beamerbaseoverlay.sty
Package: beamerbaseoverlay 2012/11/11  (rcs-revision 6afbc49b1109)
\beamer@argscount=\count126
\beamer@lastskipcover=\skip44
\beamer@trivlistdepth=\count127
)
(/usr/share/texmf/tex/latex/beamer/base/beamerbasetitle.sty
Package: beamerbasetitle 2010/09/21  (rcs-revision f0446ed0b6ae)
)
(/usr/share/texmf/tex/latex/beamer/base/beamerbasesection.sty
Package: beamerbasesection 2012/11/11  (rcs-revision 0056eef6f17f)
\c@lecture=\count128
\c@part=\count129
\c@section=\count130
\c@subsection=\count131
\c@subsubsection=\count132
)
(/usr/share/texmf/tex/latex/beamer/base/beamerbaseframe.sty
Package: beamerbaseframe 2012/09/13  (rcs-revision dcd846607320)
\beamer@framebox=\box40
\beamer@frametitlebox=\box41
\beamer@zoombox=\box42
\beamer@zoomcount=\count133
\beamer@zoomframecount=\count134
\beamer@frametextheight=\dimen165
\c@subsectionslide=\count135
\beamer@frametopskip=\skip45
\beamer@framebottomskip=\skip46
\beamer@frametopskipautobreak=\skip47
\beamer@framebottomskipautobreak=\skip48
\beamer@envbody=\toks24
\framewidth=\dimen166
\c@framenumber=\count136
)
(/usr/share/texmf/tex/latex/beamer/base/beamerbaseverbatim.sty
Package: beamerbaseverbatim 2012/08/30  (rcs-revision dfdb135076b3)
\beamer@verbatimfileout=\write4
)
(/usr/share/texmf/tex/latex/beamer/base/beamerbaseframesize.sty
Package: beamerbaseframesize 2011/09/12  (rcs-revision 70f9d8411e54)
\beamer@splitbox=\box43
\beamer@autobreakcount=\count137
\beamer@autobreaklastheight=\dimen167
\beamer@frametitletoks=\toks25
\beamer@framesubtitletoks=\toks26
)
(/usr/share/texmf/tex/latex/beamer/base/beamerbaseframecomponents.sty
Package: beamerbaseframecomponents 2012/09/13  (rcs-revision dcd846607320)
\beamer@footins=\box44
)
(/usr/share/texmf/tex/latex/beamer/base/beamerbasecolor.sty
Package: beamerbasecolor 2010/06/06  (rcs-revision d1a9b48be06d)
)
(/usr/share/texmf/tex/latex/beamer/base/beamerbasenotes.sty
Package: beamerbasenotes 2010/05/01  (rcs-revision efa082c6111d)
\beamer@frameboxcopy=\box45
)
(/usr/share/texmf/tex/latex/beamer/base/beamerbasetoc.sty
Package: beamerbasetoc 2012/10/02  (rcs-revision 5ed0f4010e8a)
)
(/usr/share/texmf/tex/latex/beamer/base/beamerbasetemplates.sty
Package: beamerbasetemplates 2010/05/01  (rcs-revision efa082c6111d)
\beamer@sbttoks=\toks27

(/usr/share/texmf/tex/latex/beamer/base/beamerbaseauxtemplates.sty
Package: beamerbaseauxtemplates 2012/05/01  (rcs-revision 67c48b3b652d)

(/usr/share/texmf/tex/latex/beamer/base/beamerbaseboxes.sty
Package: beamerbaseboxes 2012/05/13  (rcs-revision 56972908a390)
\bmb@box=\box46
\bmb@colorbox=\box47
\bmb@boxshadow=\box48
\bmb@boxshadowball=\box49
\bmb@boxshadowballlarge=\box50
\bmb@temp=\dimen168
\bmb@dima=\dimen169
\bmb@dimb=\dimen170
\bmb@prevheight=\dimen171
)
\beamer@blockheadheight=\dimen172
))
(/usr/share/texmf/tex/latex/beamer/base/beamerbaselocalstructure.sty
Package: beamerbaselocalstructure 2012/11/13  (rcs-revision ddfba79dac19)

(/usr/share/texlive/texmf-dist/tex/latex/tools/enumerate.sty
Package: enumerate 1999/03/05 v3.00 enumerate extensions (DPC)
\@enLab=\toks28
)
\c@figure=\count138
\c@table=\count139
\abovecaptionskip=\skip49
\belowcaptionskip=\skip50
)
(/usr/share/texmf/tex/latex/beamer/base/beamerbasenavigation.sty
Package: beamerbasenavigation 2012/04/03  (rcs-revision 42a0f21a412d)
\beamer@section@min@dim=\dimen173
)
(/usr/share/texmf/tex/latex/beamer/base/beamerbasetheorems.sty
Package: beamerbasetheorems 2010/06/06  (rcs-revision 7e7cc5e53e9d)

(/usr/share/texlive/texmf-dist/tex/latex/amsmath/amsmath.sty
Package: amsmath 2013/01/14 v2.14 AMS math features
\@mathmargin=\skip51

For additional information on amsmath, use the `?' option.
(/usr/share/texlive/texmf-dist/tex/latex/amsmath/amstext.sty
Package: amstext 2000/06/29 v2.01

(/usr/share/texlive/texmf-dist/tex/latex/amsmath/amsgen.sty
File: amsgen.sty 1999/11/30 v2.0
\@emptytoks=\toks29
\ex@=\dimen174
))
(/usr/share/texlive/texmf-dist/tex/latex/amsmath/amsbsy.sty
Package: amsbsy 1999/11/29 v1.2d
\pmbraise@=\dimen175
)
(/usr/share/texlive/texmf-dist/tex/latex/amsmath/amsopn.sty
Package: amsopn 1999/12/14 v2.01 operator names
)
\inf@bad=\count140
LaTeX Info: Redefining \frac on input line 210.
\uproot@=\count141
\leftroot@=\count142
LaTeX Info: Redefining \overline on input line 306.
\classnum@=\count143
\DOTSCASE@=\count144
LaTeX Info: Redefining \ldots on input line 378.
LaTeX Info: Redefining \dots on input line 381.
LaTeX Info: Redefining \cdots on input line 466.
\Mathstrutbox@=\box51
\strutbox@=\box52
\big@size=\dimen176
LaTeX Font Info:    Redeclaring font encoding OML on input line 566.
LaTeX Font Info:    Redeclaring font encoding OMS on input line 567.
\macc@depth=\count145
\c@MaxMatrixCols=\count146
\dotsspace@=\muskip11
\c@parentequation=\count147
\dspbrk@lvl=\count148
\tag@help=\toks30
\row@=\count149
\column@=\count150
\maxfields@=\count151
\andhelp@=\toks31
\eqnshift@=\dimen177
\alignsep@=\dimen178
\tagshift@=\dimen179
\tagwidth@=\dimen180
\totwidth@=\dimen181
\lineht@=\dimen182
\@envbody=\toks32
\multlinegap=\skip52
\multlinetaggap=\skip53
\mathdisplay@stack=\toks33
LaTeX Info: Redefining \[ on input line 2665.
LaTeX Info: Redefining \] on input line 2666.
)
(/usr/share/texlive/texmf-dist/tex/latex/amscls/amsthm.sty
Package: amsthm 2004/08/06 v2.20
\thm@style=\toks34
\thm@bodyfont=\toks35
\thm@headfont=\toks36
\thm@notefont=\toks37
\thm@headpunct=\toks38
\thm@preskip=\skip54
\thm@postskip=\skip55
\thm@headsep=\skip56
\dth@everypar=\toks39
)
\c@theorem=\count152
)
(/usr/share/texmf/tex/latex/beamer/base/beamerbasethemes.sty
Package: beamerbasethemes 2010/05/01  (rcs-revision efa082c6111d)
))
(/usr/share/texmf/tex/latex/beamer/base/themes/theme/beamerthemedefault.sty
Package: beamerthemedefault 2010/06/17  (rcs-revision d02a7cf4d8ae)

(/usr/share/texmf/tex/latex/beamer/base/themes/font/beamerfontthemedefault.sty
Package: beamerfontthemedefault 2010/06/17  (rcs-revision d02a7cf4d8ae)
)
(/usr/share/texmf/tex/latex/beamer/base/themes/color/beamercolorthemedefault.st
y
Package: beamercolorthemedefault 2010/06/17  (rcs-revision d02a7cf4d8ae)
)
(/usr/share/texmf/tex/latex/beamer/base/themes/inner/beamerinnerthemedefault.st
y
Package: beamerinnerthemedefault 2012/05/01  (rcs-revision 67c48b3b652d)
\beamer@dima=\dimen183
\beamer@dimb=\dimen184
)
(/usr/share/texmf/tex/latex/beamer/base/themes/outer/beamerouterthemedefault.st
y
Package: beamerouterthemedefault 2012/10/02  (rcs-revision 5ed0f4010e8a)
)))
\figheight=\skip57
\figheightscl=\skip58
\figwidth=\skip59
 (./ismstyle.tex (/usr/share/texlive/texmf-dist/tex/generic/babel/babel.sty
Package: babel 2013/12/03 3.9h The Babel package
(/usr/share/texlive/texmf-dist/tex/generic/babel-english/english.ldf
Language: english 2012/08/20 v3.3p English support from the babel system

(/usr/share/texlive/texmf-dist/tex/generic/babel/babel.def
File: babel.def 2013/12/03 3.9h Babel common definitions
LaTeX Info: Redefining \textlatin on input line 137.
\babel@savecnt=\count153
\U@D=\dimen185
)
\l@british = a dialect from \language\l@english 
\l@UKenglish = a dialect from \language\l@english 
\l@canadian = a dialect from \language\l@american 
\l@australian = a dialect from \language\l@british 
\l@newzealand = a dialect from \language\l@british 
))
(/usr/share/texlive/texmf-dist/tex/latex/base/inputenc.sty
Package: inputenc 2008/03/30 v1.1d Input encoding file
\inpenc@prehook=\toks40
\inpenc@posthook=\toks41

(/usr/share/texlive/texmf-dist/tex/latex/base/latin1.def
File: latin1.def 2008/03/30 v1.1d Input encoding file
))
(/usr/share/texlive/texmf-dist/tex/latex/psnfss/times.sty
Package: times 2005/04/12 PSNFSS-v9.2a (SPQR) 
)
(/usr/share/texlive/texmf-dist/tex/latex/base/fontenc.sty
Package: fontenc 2005/09/27 v1.99g Standard LaTeX package

(/usr/share/texlive/texmf-dist/tex/latex/base/t1enc.def
File: t1enc.def 2005/09/27 v1.99g Standard LaTeX file
LaTeX Font Info:    Redeclaring font encoding T1 on input line 43.
))
(/usr/share/texmf/tex/latex/pgf/frontendlayer/tikz.sty
(/usr/share/texmf/tex/latex/pgf/basiclayer/pgf.sty
Package: pgf 2008/01/15 v2.10 (rcs-revision 1.12)

(/usr/share/texmf/tex/generic/pgf/modules/pgfmoduleshapes.code.tex
File: pgfmoduleshapes.code.tex 2010/09/09  (rcs-revision 1.13)
\pgfnodeparttextbox=\box53
)
(/usr/share/texmf/tex/generic/pgf/modules/pgfmoduleplot.code.tex
File: pgfmoduleplot.code.tex 2010/10/22  (rcs-revision 1.8)
)
(/usr/share/texmf/tex/latex/pgf/compatibility/pgfcomp-version-0-65.sty
Package: pgfcomp-version-0-65 2007/07/03 v2.10 (rcs-revision 1.7)
\pgf@nodesepstart=\dimen186
\pgf@nodesepend=\dimen187
)
(/usr/share/texmf/tex/latex/pgf/compatibility/pgfcomp-version-1-18.sty
Package: pgfcomp-version-1-18 2007/07/23 v2.10 (rcs-revision 1.1)
))
(/usr/share/texmf/tex/latex/pgf/utilities/pgffor.sty
(/usr/share/texmf/tex/latex/pgf/utilities/pgfkeys.sty
(/usr/share/texmf/tex/generic/pgf/utilities/pgfkeys.code.tex))
(/usr/share/texmf/tex/generic/pgf/utilities/pgffor.code.tex
Package: pgffor 2010/03/23 v2.10 (rcs-revision 1.18)
\pgffor@iter=\dimen188
\pgffor@skip=\dimen189
\pgffor@stack=\toks42
\pgffor@toks=\toks43
))
(/usr/share/texmf/tex/generic/pgf/frontendlayer/tikz/tikz.code.tex
Package: tikz 2010/10/13 v2.10 (rcs-revision 1.76)

(/usr/share/texmf/tex/generic/pgf/libraries/pgflibraryplothandlers.code.tex
File: pgflibraryplothandlers.code.tex 2010/05/31 v2.10 (rcs-revision 1.15)
\pgf@plot@mark@count=\count154
\pgfplotmarksize=\dimen190
)
\tikz@lastx=\dimen191
\tikz@lasty=\dimen192
\tikz@lastxsaved=\dimen193
\tikz@lastysaved=\dimen194
\tikzleveldistance=\dimen195
\tikzsiblingdistance=\dimen196
\tikz@figbox=\box54
\tikz@tempbox=\box55
\tikztreelevel=\count155
\tikznumberofchildren=\count156
\tikznumberofcurrentchild=\count157
\tikz@fig@count=\count158

(/usr/share/texmf/tex/generic/pgf/modules/pgfmodulematrix.code.tex
File: pgfmodulematrix.code.tex 2010/08/24  (rcs-revision 1.4)
\pgfmatrixcurrentrow=\count159
\pgfmatrixcurrentcolumn=\count160
\pgf@matrix@numberofcolumns=\count161
)
\tikz@expandcount=\count162

(/usr/share/texmf/tex/generic/pgf/frontendlayer/tikz/libraries/tikzlibrarytopat
hs.code.tex
File: tikzlibrarytopaths.code.tex 2008/06/17 v2.10 (rcs-revision 1.2)
))) (/usr/share/texlive/texmf-dist/tex/latex/colortbl/colortbl.sty
Package: colortbl 2012/02/13 v1.0a Color table columns (DPC)

(/usr/share/texlive/texmf-dist/tex/latex/tools/array.sty
Package: array 2008/09/09 v2.4c Tabular extension package (FMi)
\col@sep=\dimen197
\extrarowheight=\dimen198
\NC@list=\toks44
\extratabsurround=\skip60
\backup@length=\skip61
)
\everycr=\toks45
\minrowclearance=\skip62
)
(/home/matias/texmf/tex/latex/yfonts.sty
Package: yfonts 1999/05/12 v1.2 (WaS)
)

Package hyperref Warning: Token not allowed in a PDF string (PDFDocEncoding):
(hyperref)                removing `\\' on input line 42.


Package hyperref Warning: Token not allowed in a PDF string (PDFDocEncoding):
(hyperref)                removing `math shift' on input line 42.


Package hyperref Warning: Token not allowed in a PDF string (PDFDocEncoding):
(hyperref)                removing `\sim' on input line 42.


Package hyperref Warning: Token not allowed in a PDF string (PDFDocEncoding):
(hyperref)                removing `math shift' on input line 42.


(/usr/share/texmf/tex/latex/beamer/base/themes/outer/beamerouterthemesidebar.st
y
Package: beamerouterthemesidebar 2010/06/17  (rcs-revision d02a7cf4d8ae)
\beamer@sidebarwidth=\dimen199
\beamer@headheight=\dimen200
LaTeX Font Info:    Try loading font information for T1+phv on input line 18.
 (/usr/share/texlive/texmf-dist/tex/latex/psnfss/t1phv.fd
File: t1phv.fd 2001/06/04 scalable font definitions for T1/phv.
))
(/usr/share/texmf/tex/latex/beamer/base/themes/color/beamercolorthemerose.sty
Package: beamercolorthemerose 2010/06/17  (rcs-revision d02a7cf4d8ae)
)
(/usr/share/texmf/tex/latex/beamer/base/themes/color/beamercolorthemesidebartab
.sty
Package: beamercolorthemesidebartab 2010/06/17  (rcs-revision d02a7cf4d8ae)
)
(/usr/share/texmf/tex/latex/beamer/base/themes/inner/beamerinnerthemecircles.st
y
Package: beamerinnerthemecircles 2010/06/17  (rcs-revision d02a7cf4d8ae)
)
(/usr/share/texmf/tex/latex/beamer/base/themes/font/beamerfontthemestructurebol
d.sty
Package: beamerfontthemestructurebold 2010/06/17  (rcs-revision d02a7cf4d8ae)
) (/usr/share/texlive/texmf-dist/tex/latex/listings/listings.sty
\lst@mode=\count163
\lst@gtempboxa=\box56
\lst@token=\toks46
\lst@length=\count164
\lst@currlwidth=\dimen201
\lst@column=\count165
\lst@pos=\count166
\lst@lostspace=\dimen202
\lst@width=\dimen203
\lst@newlines=\count167
\lst@lineno=\count168
\lst@maxwidth=\dimen204

(/usr/share/texlive/texmf-dist/tex/latex/listings/lstmisc.sty
File: lstmisc.sty 2013/08/26 1.5b (Carsten Heinz)
\c@lstnumber=\count169
\lst@skipnumbers=\count170
\lst@framebox=\box57
)
(/usr/share/texlive/texmf-dist/tex/latex/listings/listings.cfg
File: listings.cfg 2013/08/26 1.5b listings configuration
))
Package: listings 2013/08/26 1.5b (Carsten Heinz)

(/usr/share/texlive/texmf-dist/tex/latex/listings/lstlang1.sty
File: lstlang1.sty 2013/08/26 1.5b listings language file
)
\mytempbox=\box58
\mytempdimen=\dimen205
)
(/home/matias/texmf/tex/latex/aas_macros.sty)
(/usr/share/texlive/texmf-dist/tex/latex/natbib/natbib.sty
Package: natbib 2010/09/13 8.31b (PWD, AO)
\bibhang=\skip63
\bibsep=\skip64
LaTeX Info: Redefining \cite on input line 694.
\c@NAT@ctr=\count171
)
(/usr/share/texlive/texmf-dist/tex/latex/wrapfig/wrapfig.sty
\wrapoverhang=\dimen206
\WF@size=\dimen207
\c@WF@wrappedlines=\count172
\WF@box=\box59
\WF@everypar=\toks47
Package: wrapfig 2003/01/31  v 3.6
)
(/usr/share/texlive/texmf-dist/tex/latex/base/latexsym.sty
Package: latexsym 1998/08/17 v2.2e Standard LaTeX package (lasy symbols)
\symlasy=\mathgroup6
LaTeX Font Info:    Overwriting symbol font `lasy' in version `bold'
(Font)                  U/lasy/m/n --> U/lasy/b/n on input line 47.
) (./ism_new.aux)
\openout1 = `ism_new.aux'.

LaTeX Font Info:    Checking defaults for OML/cmm/m/it on input line 73.
LaTeX Font Info:    ... okay on input line 73.
LaTeX Font Info:    Checking defaults for T1/cmr/m/n on input line 73.
LaTeX Font Info:    ... okay on input line 73.
LaTeX Font Info:    Checking defaults for OT1/cmr/m/n on input line 73.
LaTeX Font Info:    ... okay on input line 73.
LaTeX Font Info:    Checking defaults for OMS/cmsy/m/n on input line 73.
LaTeX Font Info:    ... okay on input line 73.
LaTeX Font Info:    Checking defaults for OMX/cmex/m/n on input line 73.
LaTeX Font Info:    ... okay on input line 73.
LaTeX Font Info:    Checking defaults for U/cmr/m/n on input line 73.
LaTeX Font Info:    ... okay on input line 73.
LaTeX Font Info:    Checking defaults for PD1/pdf/m/n on input line 73.
LaTeX Font Info:    ... okay on input line 73.
LaTeX Font Info:    Checking defaults for LY/yfrak/m/n on input line 73.
LaTeX Font Info:    ... okay on input line 73.
LaTeX Font Info:    Checking defaults for LYG/ygoth/m/n on input line 73.
LaTeX Font Info:    ... okay on input line 73.

*geometry* driver: auto-detecting
*geometry* detected driver: pdftex
*geometry* verbose mode - [ preamble ] result:
* driver: pdftex
* paper: custom
* layout: <same size as paper>
* layoutoffset:(h,v)=(0.0pt,0.0pt)
* modes: includehead includefoot 
* h-part:(L,W,R)=(14.22636pt, 278.83713pt, 71.13187pt)
* v-part:(T,H,B)=(0.0pt, 273.14662pt, 0.0pt)
* \paperwidth=364.19536pt
* \paperheight=273.14662pt
* \textwidth=278.83713pt
* \textheight=244.6939pt
* \oddsidemargin=-58.04362pt
* \evensidemargin=-58.04362pt
* \topmargin=-72.26999pt
* \headheight=14.22636pt
* \headsep=0.0pt
* \topskip=10.0pt
* \footskip=14.22636pt
* \marginparwidth=3.0pt
* \marginparsep=11.0pt
* \columnsep=10.0pt
* \skip\footins=9.0pt plus 4.0pt minus 2.0pt
* \hoffset=0.0pt
* \voffset=0.0pt
* \mag=1000
* \@twocolumnfalse
* \@twosidefalse
* \@mparswitchfalse
* \@reversemarginfalse
* (1in=72.27pt=25.4mm, 1cm=28.453pt)

(/usr/share/texlive/texmf-dist/tex/context/base/supp-pdf.mkii
[Loading MPS to PDF converter (version 2006.09.02).]
\scratchcounter=\count173
\scratchdimen=\dimen208
\scratchbox=\box60
\nofMPsegments=\count174
\nofMParguments=\count175
\everyMPshowfont=\toks48
\MPscratchCnt=\count176
\MPscratchDim=\dimen209
\MPnumerator=\count177
\makeMPintoPDFobject=\count178
\everyMPtoPDFconversion=\toks49
) (/usr/share/texlive/texmf-dist/tex/latex/oberdiek/epstopdf-base.sty
Package: epstopdf-base 2010/02/09 v2.5 Base part for package epstopdf

(/usr/share/texlive/texmf-dist/tex/latex/oberdiek/grfext.sty
Package: grfext 2010/08/19 v1.1 Manage graphics extensions (HO)
)
Package grfext Info: Graphics extension search list:
(grfext)             [.png,.pdf,.jpg,.mps,.jpeg,.jbig2,.jb2,.PNG,.PDF,.JPG,.JPE
G,.JBIG2,.JB2,.eps]
(grfext)             \AppendGraphicsExtensions on input line 452.

(/usr/share/texlive/texmf-dist/tex/latex/latexconfig/epstopdf-sys.cfg
File: epstopdf-sys.cfg 2010/07/13 v1.3 Configuration of (r)epstopdf for TeX Liv
e
))
ABD: EveryShipout initializing macros
\AtBeginShipoutBox=\box61
Package hyperref Info: Link coloring OFF on input line 73.

(/usr/share/texlive/texmf-dist/tex/latex/hyperref/nameref.sty
Package: nameref 2012/10/27 v2.43 Cross-referencing by name of section

(/usr/share/texlive/texmf-dist/tex/generic/oberdiek/gettitlestring.sty
Package: gettitlestring 2010/12/03 v1.4 Cleanup title references (HO)
)
\c@section@level=\count179
)
LaTeX Info: Redefining \ref on input line 73.
LaTeX Info: Redefining \pageref on input line 73.
LaTeX Info: Redefining \nameref on input line 73.

(./ism_new.out) (./ism_new.out)
\@outlinefile=\write5
\openout5 = `ism_new.out'.

LaTeX Font Info:    Overwriting symbol font `operators' in version `normal'
(Font)                  OT1/cmr/m/n --> OT1/cmss/m/n on input line 73.
LaTeX Font Info:    Overwriting symbol font `operators' in version `bold'
(Font)                  OT1/cmr/bx/n --> OT1/cmss/bx/n on input line 73.
\symnumbers=\mathgroup7
\sympureletters=\mathgroup8
LaTeX Font Info:    Overwriting math alphabet `\mathrm' in version `normal'
(Font)                  OT1/cmss/m/n --> T1/ptm/m/n on input line 73.
LaTeX Font Info:    Redeclaring math alphabet \mathbf on input line 73.
LaTeX Font Info:    Overwriting math alphabet `\mathbf' in version `normal'
(Font)                  OT1/cmr/bx/n --> T1/phv/bx/n on input line 73.
LaTeX Font Info:    Overwriting math alphabet `\mathbf' in version `bold'
(Font)                  OT1/cmr/bx/n --> T1/phv/bx/n on input line 73.
LaTeX Font Info:    Redeclaring math alphabet \mathsf on input line 73.
LaTeX Font Info:    Overwriting math alphabet `\mathsf' in version `normal'
(Font)                  OT1/cmss/m/n --> T1/phv/m/n on input line 73.
LaTeX Font Info:    Overwriting math alphabet `\mathsf' in version `bold'
(Font)                  OT1/cmss/bx/n --> T1/phv/m/n on input line 73.
LaTeX Font Info:    Redeclaring math alphabet \mathit on input line 73.
LaTeX Font Info:    Overwriting math alphabet `\mathit' in version `normal'
(Font)                  OT1/cmr/m/it --> T1/phv/m/it on input line 73.
LaTeX Font Info:    Overwriting math alphabet `\mathit' in version `bold'
(Font)                  OT1/cmr/bx/it --> T1/phv/m/it on input line 73.
LaTeX Font Info:    Redeclaring math alphabet \mathtt on input line 73.
LaTeX Font Info:    Overwriting math alphabet `\mathtt' in version `normal'
(Font)                  OT1/cmtt/m/n --> T1/pcr/m/n on input line 73.
LaTeX Font Info:    Overwriting math alphabet `\mathtt' in version `bold'
(Font)                  OT1/cmtt/m/n --> T1/pcr/m/n on input line 73.
LaTeX Font Info:    Overwriting symbol font `numbers' in version `bold'
(Font)                  T1/phv/m/n --> T1/phv/bx/n on input line 73.
LaTeX Font Info:    Overwriting symbol font `pureletters' in version `bold'
(Font)                  T1/phv/m/it --> T1/phv/bx/it on input line 73.
LaTeX Font Info:    Overwriting math alphabet `\mathrm' in version `bold'
(Font)                  OT1/cmss/bx/n --> T1/ptm/bx/n on input line 73.
LaTeX Font Info:    Overwriting math alphabet `\mathbf' in version `bold'
(Font)                  T1/phv/bx/n --> T1/phv/bx/n on input line 73.
LaTeX Font Info:    Overwriting math alphabet `\mathsf' in version `bold'
(Font)                  T1/phv/m/n --> T1/phv/bx/n on input line 73.
LaTeX Font Info:    Overwriting math alphabet `\mathit' in version `bold'
(Font)                  T1/phv/m/it --> T1/phv/bx/it on input line 73.
LaTeX Font Info:    Overwriting math alphabet `\mathtt' in version `bold'
(Font)                  T1/pcr/m/n --> T1/pcr/bx/n on input line 73.

(/usr/share/texmf/tex/latex/beamer/base/translator/dicts/translator-basic-dicti
onary/translator-basic-dictionary-English.dict
Dictionary: translator-basic-dictionary, Language: English 
)
(/usr/share/texmf/tex/latex/beamer/base/translator/dicts/translator-bibliograph
y-dictionary/translator-bibliography-dictionary-English.dict
Dictionary: translator-bibliography-dictionary, Language: English 
)
(/usr/share/texmf/tex/latex/beamer/base/translator/dicts/translator-environment
-dictionary/translator-environment-dictionary-English.dict
Dictionary: translator-environment-dictionary, Language: English 
)
(/usr/share/texmf/tex/latex/beamer/base/translator/dicts/translator-months-dict
ionary/translator-months-dictionary-English.dict
Dictionary: translator-months-dictionary, Language: English 
)
(/usr/share/texmf/tex/latex/beamer/base/translator/dicts/translator-numbers-dic
tionary/translator-numbers-dictionary-English.dict
Dictionary: translator-numbers-dictionary, Language: English 
)
(/usr/share/texmf/tex/latex/beamer/base/translator/dicts/translator-theorem-dic
tionary/translator-theorem-dictionary-English.dict
Dictionary: translator-theorem-dictionary, Language: English 
)
LaTeX Info: Redefining \includegraphics on input line 73.
\c@lstlisting=\count180
 (./ism_new.nav)
LaTeX Font Info:    Font shape `T1/phv/bx/n' in size <10> not available
(Font)              Font shape `T1/phv/b/n' tried instead on input line 79.
LaTeX Font Info:    Font shape `T1/phv/bx/n' in size <17.28> not available
(Font)              Font shape `T1/phv/b/n' tried instead on input line 79.
LaTeX Font Info:    Try loading font information for T1+pcr on input line 79.

(/usr/share/texlive/texmf-dist/tex/latex/psnfss/t1pcr.fd
File: t1pcr.fd 2001/06/04 font definitions for T1/pcr.
)
LaTeX Font Info:    Try loading font information for U+msa on input line 79.

(/usr/share/texlive/texmf-dist/tex/latex/amsfonts/umsa.fd
File: umsa.fd 2013/01/14 v3.01 AMS symbols A
)
LaTeX Font Info:    Try loading font information for U+msb on input line 79.

(/usr/share/texlive/texmf-dist/tex/latex/amsfonts/umsb.fd
File: umsb.fd 2013/01/14 v3.01 AMS symbols B
)
LaTeX Font Info:    Try loading font information for U+lasy on input line 79.

(/usr/share/texlive/texmf-dist/tex/latex/base/ulasy.fd
File: ulasy.fd 1998/08/17 v2.2e LaTeX symbol font definitions
)
LaTeX Font Info:    Font shape `T1/phv/m/it' in size <10> not available
(Font)              Font shape `T1/phv/m/sl' tried instead on input line 79.
LaTeX Font Info:    Font shape `T1/phv/m/it' in size <7> not available
(Font)              Font shape `T1/phv/m/sl' tried instead on input line 79.
LaTeX Font Info:    Font shape `T1/phv/m/it' in size <5> not available
(Font)              Font shape `T1/phv/m/sl' tried instead on input line 79.
LaTeX Font Info:    Font shape `T1/phv/bx/n' in size <5> not available
(Font)              Font shape `T1/phv/b/n' tried instead on input line 79.

<helix_hst.jpg, id=62, 578.16pt x 578.16pt>
File: helix_hst.jpg Graphic file (type jpg)
 <use helix_hst.jpg>
Package pdftex.def Info: helix_hst.jpg used on input line 79.
(pdftex.def)             Requested size: 56.9055pt x 56.90189pt.
 [1{/var/lib/texmf/fonts/map/pdftex/updmap/pdftex.map}

 <./helix_hst.jpg>] (./B/B.tex
(./ism_new.toc
LaTeX Font Info:    Font shape `T1/phv/bx/n' in size <9> not available
(Font)              Font shape `T1/phv/b/n' tried instead on input line 3.
) <./B/ArVI_pop.pdf, id=87, 482.80376pt x 284.06125pt>
File: ./B/ArVI_pop.pdf Graphic file (type pdf)

<use ./B/ArVI_pop.pdf>
Package pdftex.def Info: ./B/ArVI_pop.pdf used on input line 8.
(pdftex.def)             Requested size: 56.9055pt x 33.47905pt.
 [2

 <./B/ArVI_pop.pdf>]
LaTeX Font Info:    Try loading font information for T1+ptm on input line 74.

(/usr/share/texlive/texmf-dist/tex/latex/psnfss/t1ptm.fd
File: t1ptm.fd 2001/06/04 font definitions for T1/ptm.
)
File: ./B/ArVI_pop.pdf Graphic file (type pdf)

<use ./B/ArVI_pop.pdf>
Package pdftex.def Info: ./B/ArVI_pop.pdf used on input line 74.
(pdftex.def)             Requested size: 56.9055pt x 33.47905pt.
 [3

] (./ism_new.toc)
File: ./B/ArVI_pop.pdf Graphic file (type pdf)
 <use ./B/ArVI_pop.pdf>
Package pdftex.def Info: ./B/ArVI_pop.pdf used on input line 76.
(pdftex.def)             Requested size: 56.9055pt x 33.47905pt.
 [4

]
LaTeX Font Info:    Try loading font information for OMS+phv on input line 110.


(/usr/share/texlive/texmf-dist/tex/latex/psnfss/omsphv.fd
File: omsphv.fd 
)
LaTeX Font Info:    Font shape `OMS/phv/m/n' in size <9> not available
(Font)              Font shape `OMS/cmsy/m/n' tried instead on input line 110.


LaTeX Font Warning: Command \small invalid in math mode on input line 110.


Overfull \hbox (261.76523pt too wide) in paragraph at lines 110--110
 [] 
 []

File: ./B/ArVI_pop.pdf Graphic file (type pdf)
<use ./B/ArVI_pop.pdf>
Package pdftex.def Info: ./B/ArVI_pop.pdf used on input line 110.
(pdftex.def)             Requested size: 56.9055pt x 33.47905pt.
 [5

]
File: ./B/ArVI_pop.pdf Graphic file (type pdf)
 <use ./B/ArVI_pop.pdf>
Package pdftex.def Info: ./B/ArVI_pop.pdf used on input line 135.
(pdftex.def)             Requested size: 56.9055pt x 33.47905pt.
 [6

]
Overfull \hbox (7.8633pt too wide) detected at line 154
\OML/cmm/m/it/10 ^^M[] \OT1/cmss/m/n/10 = \OMS/cmsy/m/n/10 h\T1/phv/m/sl/10 u\O
ML/cmm/m/it/10 ^^[[]\OT1/cmss/m/n/10 (\T1/phv/m/sl/10 u\OT1/cmss/m/n/10 )\OMS/c
msy/m/n/10 i \OT1/cmss/m/n/10 = [] [][] [][] \T1/phv/m/sl/10 du u[]\OML/cmm/m/i
t/10 ^^[[]\OT1/cmss/m/n/10 (\T1/phv/m/sl/10 u\OT1/cmss/m/n/10 ) [] [] \OML/cmm/
m/it/10 :
 []

File: ./B/ArVI_pop.pdf Graphic file (type pdf)
<use ./B/ArVI_pop.pdf>
Package pdftex.def Info: ./B/ArVI_pop.pdf used on input line 154.
(pdftex.def)             Requested size: 56.9055pt x 33.47905pt.
 [7

]
LaTeX Font Info:    Font shape `T1/phv/m/it' in size <8> not available
(Font)              Font shape `T1/phv/m/sl' tried instead on input line 173.
LaTeX Font Info:    Font shape `T1/phv/m/it' in size <6> not available
(Font)              Font shape `T1/phv/m/sl' tried instead on input line 173.
File: ./B/ArVI_pop.pdf Graphic file (type pdf)
 <use ./B/ArVI_pop.pdf>
Package pdftex.def Info: ./B/ArVI_pop.pdf used on input line 173.
(pdftex.def)             Requested size: 56.9055pt x 33.47905pt.
 [8

]

LaTeX Font Warning: Command \small invalid in math mode on input line 188.

File: ./B/ArVI_pop.pdf Graphic file (type pdf)
<use ./B/ArVI_pop.pdf>
Package pdftex.def Info: ./B/ArVI_pop.pdf used on input line 188.
(pdftex.def)             Requested size: 56.9055pt x 33.47905pt.
 [9

] (./ism_new.toc)
File: ./B/ArVI_pop.pdf Graphic file (type pdf)
 <use ./B/ArVI_pop.pdf>
Package pdftex.def Info: ./B/ArVI_pop.pdf used on input line 189.
(pdftex.def)             Requested size: 56.9055pt x 33.47905pt.
 [10

]
File: ./B/ArVI_pop.pdf Graphic file (type pdf)

<use ./B/ArVI_pop.pdf>
Package pdftex.def Info: ./B/ArVI_pop.pdf used on input line 209.
(pdftex.def)             Requested size: 56.9055pt x 33.47905pt.
 [11

]
LaTeX Font Info:    Font shape `T1/phv/m/it' in size <17.28> not available
(Font)              Font shape `T1/phv/m/sl' tried instead on input line 233.
LaTeX Font Info:    Font shape `T1/phv/m/it' in size <12> not available
(Font)              Font shape `T1/phv/m/sl' tried instead on input line 233.
File: ./B/ArVI_pop.pdf Graphic file (type pdf)
 <use ./B/ArVI_pop.pdf>
Package pdftex.def Info: ./B/ArVI_pop.pdf used on input line 233.
(pdftex.def)             Requested size: 56.9055pt x 33.47905pt.
 [12

]
File: ./B/ArVI_pop.pdf Graphic file (type pdf)
 <use ./B/ArVI_pop.pdf>
Package pdftex.def Info: ./B/ArVI_pop.pdf used on input line 240.
(pdftex.def)             Requested size: 278.83713pt x 164.06212pt.
File: ./B/ArVI_pop.pdf Graphic file (type pdf)

<use ./B/ArVI_pop.pdf>
Package pdftex.def Info: ./B/ArVI_pop.pdf used on input line 240.
(pdftex.def)             Requested size: 56.9055pt x 33.47905pt.
 [13

]
<./B/ArVI_pop_xtd.pdf, id=337, 482.80376pt x 284.06125pt>
File: ./B/ArVI_pop_xtd.pdf Graphic file (type pdf)

<use ./B/ArVI_pop_xtd.pdf>
Package pdftex.def Info: ./B/ArVI_pop_xtd.pdf used on input line 252.
(pdftex.def)             Requested size: 278.83713pt x 164.06212pt.
File: ./B/ArVI_pop.pdf Graphic file (type pdf)
 <use ./B/ArVI_pop.pdf>
Package pdftex.def Info: ./B/ArVI_pop.pdf used on input line 252.
(pdftex.def)             Requested size: 56.9055pt x 33.47905pt.
 [14

 <./B/ArVI_pop_xtd.pdf>]
LaTeX Font Info:    Font shape `OMS/phv/m/n' in size <8> not available
(Font)              Font shape `OMS/cmsy/m/n' tried instead on input line 281.
LaTeX Font Info:    Font shape `T1/phv/m/it' in size <9> not available
(Font)              Font shape `T1/phv/m/sl' tried instead on input line 281.
File: ./B/ArVI_pop.pdf Graphic file (type pdf)

<use ./B/ArVI_pop.pdf>
Package pdftex.def Info: ./B/ArVI_pop.pdf used on input line 281.
(pdftex.def)             Requested size: 56.9055pt x 33.47905pt.
 [15

]
<./B/cooling_CE.png, id=378, 853.1875pt x 853.1875pt>
File: ./B/cooling_CE.png Graphic file (type png)
 <use ./B/cooling_CE.png>
Package pdftex.def Info: ./B/cooling_CE.png used on input line 287.
(pdftex.def)             Requested size: 223.07054pt x 223.0733pt.
File: ./B/ArVI_pop.pdf Graphic file (type pdf)

<use ./B/ArVI_pop.pdf>
Package pdftex.def Info: ./B/ArVI_pop.pdf used on input line 287.
(pdftex.def)             Requested size: 56.9055pt x 33.47905pt.
 [16

 <./B/cooling_CE.png>]
<./B/heating_cooling.png, id=397, 715.67375pt x 713.66624pt>
File: ./B/heating_cooling.png Graphic file (type png)

<use ./B/heating_cooling.png>
Package pdftex.def Info: ./B/heating_cooling.png used on input line 294.
(pdftex.def)             Requested size: 223.07054pt x 222.443pt.
File: ./B/ArVI_pop.pdf Graphic file (type pdf)
 <use ./B/ArVI_pop.pdf>
Package pdftex.def Info: ./B/ArVI_pop.pdf used on input line 294.
(pdftex.def)             Requested size: 56.9055pt x 33.47905pt.
 [17

 <./B/heating_cooling.png>] <./B/cooling_01.png, id=415, 860.21375pt x 853.1875
pt>
File: ./B/cooling_01.png Graphic file (type png)

<use ./B/cooling_01.png>
Package pdftex.def Info: ./B/cooling_01.png used on input line 302.
(pdftex.def)             Requested size: 223.07054pt x 221.23769pt.
File: ./B/ArVI_pop.pdf Graphic file (type pdf)
 <use ./B/ArVI_pop.pdf>
Package pdftex.def Info: ./B/ArVI_pop.pdf used on input line 302.
(pdftex.def)             Requested size: 56.9055pt x 33.47905pt.
 [18

 <./B/cooling_01.png>]
<./B/cooling_3x.png, id=433, 858.20625pt x 853.1875pt>
File: ./B/cooling_3x.png Graphic file (type png)

<use ./B/cooling_3x.png>
Package pdftex.def Info: ./B/cooling_3x.png used on input line 313.
(pdftex.def)             Requested size: 223.07054pt x 221.75842pt.
File: ./B/ArVI_pop.pdf Graphic file (type pdf)
 <use ./B/ArVI_pop.pdf>
Package pdftex.def Info: ./B/ArVI_pop.pdf used on input line 313.
(pdftex.def)             Requested size: 56.9055pt x 33.47905pt.
 [19

 <./B/cooling_3x.png>]
File: ./B/ArVI_pop.pdf Graphic file (type pdf)

<use ./B/ArVI_pop.pdf>
Package pdftex.def Info: ./B/ArVI_pop.pdf used on input line 340.
(pdftex.def)             Requested size: 56.9055pt x 33.47905pt.
 [20

]
<./B/dishoeck_fig3.pdf, id=469, 411.5375pt x 281.05pt>
File: ./B/dishoeck_fig3.pdf Graphic file (type pdf)

<use ./B/dishoeck_fig3.pdf>
Package pdftex.def Info: ./B/dishoeck_fig3.pdf used on input line 364.
(pdftex.def)             Requested size: 223.07054pt x 152.33939pt.
File: ./B/ArVI_pop.pdf Graphic file (type pdf)
 <use ./B/ArVI_pop.pdf>
Package pdftex.def Info: ./B/ArVI_pop.pdf used on input line 364.
(pdftex.def)             Requested size: 56.9055pt x 33.47905pt.
 [21

 <./B/dishoeck_fig3.pdf>]
File: ./B/ArVI_pop.pdf Graphic file (type pdf)
<use ./B/ArVI_pop.pdf>
Package pdftex.def Info: ./B/ArVI_pop.pdf used on input line 376.
(pdftex.def)             Requested size: 56.9055pt x 33.47905pt.
 [22

]
<./B/grain_temp.png, id=507, 524.96124pt x 530.98375pt>
File: ./B/grain_temp.png Graphic file (type png)

<use ./B/grain_temp.png>
Package pdftex.def Info: ./B/grain_temp.png used on input line 388.
(pdftex.def)             Requested size: 167.30397pt x 169.22148pt.
File: ./B/ArVI_pop.pdf Graphic file (type pdf)
 <use ./B/ArVI_pop.pdf>
Package pdftex.def Info: ./B/ArVI_pop.pdf used on input line 388.
(pdftex.def)             Requested size: 56.9055pt x 33.47905pt.
 [23

 <./B/grain_temp.png>]
<./B/CO_cooling_Tielens.jpg, id=525, 794.97pt x 615.29875pt>
File: ./B/CO_cooling_Tielens.jpg Graphic file (type jpg)

<use ./B/CO_cooling_Tielens.jpg>
Package pdftex.def Info: ./B/CO_cooling_Tielens.jpg used on input line 409.
(pdftex.def)             Requested size: 223.07054pt x 172.64862pt.
File: ./B/ArVI_pop.pdf Graphic file (type pdf)
 <use ./B/ArVI_pop.pdf>
Package pdftex.def Info: ./B/ArVI_pop.pdf used on input line 409.
(pdftex.def)             Requested size: 56.9055pt x 33.47905pt.
 [24

 <./B/CO_cooling_Tielens.jpg>] (./ism_new.toc)
File: ./B/ArVI_pop.pdf Graphic file (type pdf)
 <use ./B/ArVI_pop.pdf>
Package pdftex.def Info: ./B/ArVI_pop.pdf used on input line 413.
(pdftex.def)             Requested size: 56.9055pt x 33.47905pt.
 [25

]
File: ./B/ArVI_pop.pdf Graphic file (type pdf)
 <use ./B/ArVI_pop.pdf>
Package pdftex.def Info: ./B/ArVI_pop.pdf used on input line 433.
(pdftex.def)             Requested size: 56.9055pt x 33.47905pt.

[26

]
File: ./B/ArVI_pop.pdf Graphic file (type pdf)
 <use ./B/ArVI_pop.pdf>
Package pdftex.def Info: ./B/ArVI_pop.pdf used on input line 446.
(pdftex.def)             Requested size: 56.9055pt x 33.47905pt.
 [27

]
File: ./B/ArVI_pop.pdf Graphic file (type pdf)
 <use ./B/ArVI_pop.pdf>
Package pdftex.def Info: ./B/ArVI_pop.pdf used on input line 459.
(pdftex.def)             Requested size: 56.9055pt x 33.47905pt.
 [28

]
File: ./B/ArVI_pop.pdf Graphic file (type pdf)

<use ./B/ArVI_pop.pdf>
Package pdftex.def Info: ./B/ArVI_pop.pdf used on input line 474.
(pdftex.def)             Requested size: 56.9055pt x 33.47905pt.
 [29

] (./ism_new.toc)
File: ./B/ArVI_pop.pdf Graphic file (type pdf)
 <use ./B/ArVI_pop.pdf>
Package pdftex.def Info: ./B/ArVI_pop.pdf used on input line 476.
(pdftex.def)             Requested size: 56.9055pt x 33.47905pt.
 [30

]

Package amsfonts Warning: Obsolete command \Bbb; \mathbb should be used instead
 on input line 501.

File: ./B/ArVI_pop.pdf Graphic file (type pdf)
<use ./B/ArVI_pop.pdf>
Package pdftex.def Info: ./B/ArVI_pop.pdf used on input line 501.
(pdftex.def)             Requested size: 56.9055pt x 33.47905pt.
 [31

]

Package amsfonts Warning: Obsolete command \frak; \mathfrak should be used inst
ead on input line 522.

LaTeX Font Info:    Try loading font information for U+euf on input line 522.
(/usr/share/texlive/texmf-dist/tex/latex/amsfonts/ueuf.fd
File: ueuf.fd 2013/01/14 v3.01 Euler Fraktur
)
File: ./B/ArVI_pop.pdf Graphic file (type pdf)

<use ./B/ArVI_pop.pdf>
Package pdftex.def Info: ./B/ArVI_pop.pdf used on input line 522.
(pdftex.def)             Requested size: 56.9055pt x 33.47905pt.
 [32

]
File: ./B/ArVI_pop.pdf Graphic file (type pdf)
 <use ./B/ArVI_pop.pdf>
Package pdftex.def Info: ./B/ArVI_pop.pdf used on input line 537.
(pdftex.def)             Requested size: 56.9055pt x 33.47905pt.
 [33

]
File: ./B/ArVI_pop.pdf Graphic file (type pdf)
 <use ./B/ArVI_pop.pdf>
Package pdftex.def Info: ./B/ArVI_pop.pdf used on input line 553.
(pdftex.def)             Requested size: 56.9055pt x 33.47905pt.

[34

]
File: ./B/ArVI_pop.pdf Graphic file (type pdf)
 <use ./B/ArVI_pop.pdf>
Package pdftex.def Info: ./B/ArVI_pop.pdf used on input line 589.
(pdftex.def)             Requested size: 56.9055pt x 33.47905pt.
 [35

]
<./B/CO_subaru_1.jpg, id=759, 2060.69875pt x 582.175pt>
File: ./B/CO_subaru_1.jpg Graphic file (type jpg)

<use ./B/CO_subaru_1.jpg>
Package pdftex.def Info: ./B/CO_subaru_1.jpg used on input line 602.
(pdftex.def)             Requested size: 278.83713pt x 78.7679pt.

<./B/CO_subaru_2.jpg, id=760, 2088.80376pt x 583.17876pt>
File: ./B/CO_subaru_2.jpg Graphic file (type jpg)

<use ./B/CO_subaru_2.jpg>
Package pdftex.def Info: ./B/CO_subaru_2.jpg used on input line 602.
(pdftex.def)             Requested size: 278.83713pt x 77.84477pt.
File: ./B/ArVI_pop.pdf Graphic file (type pdf)
 <use ./B/ArVI_pop.pdf>
Package pdftex.def Info: ./B/ArVI_pop.pdf used on input line 602.
(pdftex.def)             Requested size: 56.9055pt x 33.47905pt.
 [36

 <./B/CO_subaru_1.jpg> <./B/CO_subaru_2.jpg>]
File: ./B/ArVI_pop.pdf Graphic file (type pdf)
 <use ./B/ArVI_pop.pdf>
Package pdftex.def Info: ./B/ArVI_pop.pdf used on input line 623.
(pdftex.def)             Requested size: 56.9055pt x 33.47905pt.
 [37

]
File: ./B/ArVI_pop.pdf Graphic file (type pdf)
 <use ./B/ArVI_pop.pdf>
Package pdftex.def Info: ./B/ArVI_pop.pdf used on input line 636.
(pdftex.def)             Requested size: 56.9055pt x 33.47905pt.
 [38

]
<./B/h2_levels_xv.jpg, id=813, 746.79pt x 833.1125pt>
File: ./B/h2_levels_xv.jpg Graphic file (type jpg)

<use ./B/h2_levels_xv.jpg>
Package pdftex.def Info: ./B/h2_levels_xv.jpg used on input line 681.
(pdftex.def)             Requested size: 164.51288pt x 183.52684pt.

Underfull \hbox (badness 10000) in paragraph at lines 681--681

 []


Underfull \hbox (badness 1859) in paragraph at lines 681--681
[]\T1/phv/m/n/10 The en-ergy sep-a-ra-tion
 []


Underfull \hbox (badness 10000) in paragraph at lines 681--681

 []

File: ./B/ArVI_pop.pdf Graphic file (type pdf)
<use ./B/ArVI_pop.pdf>
Package pdftex.def Info: ./B/ArVI_pop.pdf used on input line 681.
(pdftex.def)             Requested size: 56.9055pt x 33.47905pt.
 [39

 <./B/h2_levels_xv.jpg>]
File: ./B/ArVI_pop.pdf Graphic file (type pdf)
 <use ./B/ArVI_pop.pdf>
Package pdftex.def Info: ./B/ArVI_pop.pdf used on input line 703.
(pdftex.def)             Requested size: 56.9055pt x 33.47905pt.

[40

]
File: ./B/ArVI_pop.pdf Graphic file (type pdf)
 <use ./B/ArVI_pop.pdf>
Package pdftex.def Info: ./B/ArVI_pop.pdf used on input line 719.
(pdftex.def)             Requested size: 56.9055pt x 33.47905pt.
 [41

]
File: ./B/ArVI_pop.pdf Graphic file (type pdf)
 <use ./B/ArVI_pop.pdf>
Package pdftex.def Info: ./B/ArVI_pop.pdf used on input line 745.
(pdftex.def)             Requested size: 56.9055pt x 33.47905pt.
 [42

]
<./B/helix_ltepop.pdf, id=885, 544.0325pt x 607.26875pt>
File: ./B/helix_ltepop.pdf Graphic file (type pdf)

<use ./B/helix_ltepop.pdf>
Package pdftex.def Info: ./B/helix_ltepop.pdf used on input line 753.
(pdftex.def)             Requested size: 223.07054pt x 249.00034pt.

Overfull \vbox (22.07474pt too high) detected at line 753
 []

File: ./B/ArVI_pop.pdf Graphic file (type pdf)
<use ./B/ArVI_pop.pdf>
Package pdftex.def Info: ./B/ArVI_pop.pdf used on input line 753.
(pdftex.def)             Requested size: 56.9055pt x 33.47905pt.
 [43

 <./B/helix_ltepop.pdf>]
<./B/dishoeck_fig13.pdf, id=907, 557.6735pt x 756.8476pt>
File: ./B/dishoeck_fig13.pdf Graphic file (type pdf)

<use ./B/dishoeck_fig13.pdf>
Package pdftex.def Info: ./B/dishoeck_fig13.pdf used on input line 772.
(pdftex.def)             Requested size: 195.18513pt x 264.88907pt.

<./B/ZOPH_IRACrgb.pdf, id=908, 543.02875pt x 673.51625pt>
File: ./B/ZOPH_IRACrgb.pdf Graphic file (type pdf)

<use ./B/ZOPH_IRACrgb.pdf>
Package pdftex.def Info: ./B/ZOPH_IRACrgb.pdf used on input line 772.
(pdftex.def)             Requested size: 111.53314pt x 138.32864pt.
File: ./B/ArVI_pop.pdf Graphic file (type pdf)
 <use ./B/ArVI_pop.pdf>
Package pdftex.def Info: ./B/ArVI_pop.pdf used on input line 772.
(pdftex.def)             Requested size: 56.9055pt x 33.47905pt.
 [44

 <./B/dishoeck_fig13.pdf> <./B/ZOPH_IRACrgb.pdf>] (./ism_new.toc)
File: ./B/ArVI_pop.pdf Graphic file (type pdf)
 <use ./B/ArVI_pop.pdf>
Package pdftex.def Info: ./B/ArVI_pop.pdf used on input line 775.
(pdftex.def)             Requested size: 56.9055pt x 33.47905pt.
 [45

]
<./B/fuse_H2.pdf, id=959, 505.89pt x 361.35pt>
File: ./B/fuse_H2.pdf Graphic file (type pdf)
 <use ./B/fuse_H2.pdf>
Package pdftex.def Info: ./B/fuse_H2.pdf used on input line 786.
(pdftex.def)             Requested size: 278.83713pt x 199.17319pt.
File: ./B/ArVI_pop.pdf Graphic file (type pdf)

<use ./B/ArVI_pop.pdf>
Package pdftex.def Info: ./B/ArVI_pop.pdf used on input line 786.
(pdftex.def)             Requested size: 56.9055pt x 33.47905pt.
 [46

 <./B/fuse_H2.pdf>]
File: ./B/ArVI_pop.pdf Graphic file (type pdf)
 <use ./B/ArVI_pop.pdf>
Package pdftex.def Info: ./B/ArVI_pop.pdf used on input line 808.
(pdftex.def)             Requested size: 56.9055pt x 33.47905pt.
 [47

]
File: ./B/ArVI_pop.pdf Graphic file (type pdf)

<use ./B/ArVI_pop.pdf>
Package pdftex.def Info: ./B/ArVI_pop.pdf used on input line 832.
(pdftex.def)             Requested size: 56.9055pt x 33.47905pt.
 [48

]
File: ./B/ArVI_pop.pdf Graphic file (type pdf)
 <use ./B/ArVI_pop.pdf>
Package pdftex.def Info: ./B/ArVI_pop.pdf used on input line 847.
(pdftex.def)             Requested size: 56.9055pt x 33.47905pt.
 [49

]
File: ./B/ArVI_pop.pdf Graphic file (type pdf)
 <use ./B/ArVI_pop.pdf>
Package pdftex.def Info: ./B/ArVI_pop.pdf used on input line 866.
(pdftex.def)             Requested size: 56.9055pt x 33.47905pt.

[50

]
File: ./B/ArVI_pop.pdf Graphic file (type pdf)
 <use ./B/ArVI_pop.pdf>
Package pdftex.def Info: ./B/ArVI_pop.pdf used on input line 894.
(pdftex.def)             Requested size: 56.9055pt x 33.47905pt.
 [51

] (./ism_new.toc)
File: ./B/ArVI_pop.pdf Graphic file (type pdf)
 <use ./B/ArVI_pop.pdf>
Package pdftex.def Info: ./B/ArVI_pop.pdf used on input line 898.
(pdftex.def)             Requested size: 56.9055pt x 33.47905pt.

[52

]
File: ./B/ArVI_pop.pdf Graphic file (type pdf)
 <use ./B/ArVI_pop.pdf>
Package pdftex.def Info: ./B/ArVI_pop.pdf used on input line 930.
(pdftex.def)             Requested size: 56.9055pt x 33.47905pt.
 [53

]
File: ./B/ArVI_pop.pdf Graphic file (type pdf)
 <use ./B/ArVI_pop.pdf>
Package pdftex.def Info: ./B/ArVI_pop.pdf used on input line 951.
(pdftex.def)             Requested size: 56.9055pt x 33.47905pt.
 [54

] (./ism_new.toc)
File: ./B/ArVI_pop.pdf Graphic file (type pdf)

<use ./B/ArVI_pop.pdf>
Package pdftex.def Info: ./B/ArVI_pop.pdf used on input line 953.
(pdftex.def)             Requested size: 56.9055pt x 33.47905pt.
 [55

]
File: ./B/ArVI_pop.pdf Graphic file (type pdf)
 <use ./B/ArVI_pop.pdf>
Package pdftex.def Info: ./B/ArVI_pop.pdf used on input line 976.
(pdftex.def)             Requested size: 56.9055pt x 33.47905pt.
 [56

]
File: ./B/ArVI_pop.pdf Graphic file (type pdf)
 <use ./B/ArVI_pop.pdf>
Package pdftex.def Info: ./B/ArVI_pop.pdf used on input line 1004.
(pdftex.def)             Requested size: 56.9055pt x 33.47905pt.

[57

] <./B/C_network_2.jpg, id=1190, 247.4954pt x 310.54301pt>
File: ./B/C_network_2.jpg Graphic file (type jpg)

<use ./B/C_network_2.jpg>
Package pdftex.def Info: ./B/C_network_2.jpg used on input line 1013.
(pdftex.def)             Requested size: 167.30397pt x 209.92969pt.
File: ./B/ArVI_pop.pdf Graphic file (type pdf)
 <use ./B/ArVI_pop.pdf>
Package pdftex.def Info: ./B/ArVI_pop.pdf used on input line 1013.
(pdftex.def)             Requested size: 56.9055pt x 33.47905pt.
 [58

 <./B/C_network_2.jpg>]
(./ism_new.toc)
File: ./B/ArVI_pop.pdf Graphic file (type pdf)
 <use ./B/ArVI_pop.pdf>
Package pdftex.def Info: ./B/ArVI_pop.pdf used on input line 1015.
(pdftex.def)             Requested size: 56.9055pt x 33.47905pt.
 [59

]
Underfull \hbox (badness 4341) in paragraph at lines 1044--1044
\T1/phv/m/n/10 2503), with an abun-dance
 []


Underfull \hbox (badness 2970) in paragraph at lines 1044--1044
[]\T1/phv/m/n/10 H$[]$ does not have elec-tric
 []

<./B/h3_levels.jpg, id=1235, 244.12807pt x 309.17107pt>
File: ./B/h3_levels.jpg Graphic file (type jpg)

<use ./B/h3_levels.jpg>
Package pdftex.def Info: ./B/h3_levels.jpg used on input line 1044.
(pdftex.def)             Requested size: 139.41856pt x 176.56427pt.
File: ./B/ArVI_pop.pdf Graphic file (type pdf)
 <use ./B/ArVI_pop.pdf>
Package pdftex.def Info: ./B/ArVI_pop.pdf used on input line 1044.
(pdftex.def)             Requested size: 56.9055pt x 33.47905pt.
 [60

 <./B/h3_levels.jpg>]
Overfull \vbox (0.70953pt too high) detected at line 1076
 []

File: ./B/ArVI_pop.pdf Graphic file (type pdf)
<use ./B/ArVI_pop.pdf>
Package pdftex.def Info: ./B/ArVI_pop.pdf used on input line 1076.
(pdftex.def)             Requested size: 56.9055pt x 33.47905pt.
 [61

]
<./B/h3_rawspec.jpg, id=1272, 310.47192pt x 211.60657pt>
File: ./B/h3_rawspec.jpg Graphic file (type jpg)

<use ./B/h3_rawspec.jpg>
Package pdftex.def Info: ./B/h3_rawspec.jpg used on input line 1081.
(pdftex.def)             Requested size: 278.83713pt x 190.04376pt.
File: ./B/ArVI_pop.pdf Graphic file (type pdf)
 <use ./B/ArVI_pop.pdf>
Package pdftex.def Info: ./B/ArVI_pop.pdf used on input line 1081.
(pdftex.def)             Requested size: 56.9055pt x 33.47905pt.
 [62

 <./B/h3_rawspec.jpg>]
<./B/h3_discspec.jpg, id=1290, 322.61328pt x 208.1376pt>
File: ./B/h3_discspec.jpg Graphic file (type jpg)

<use ./B/h3_discspec.jpg>
Package pdftex.def Info: ./B/h3_discspec.jpg used on input line 1086.
(pdftex.def)             Requested size: 278.83713pt x 179.90315pt.
File: ./B/ArVI_pop.pdf Graphic file (type pdf)
 <use ./B/ArVI_pop.pdf>
Package pdftex.def Info: ./B/ArVI_pop.pdf used on input line 1086.
(pdftex.def)             Requested size: 56.9055pt x 33.47905pt.
 [63

 <./B/h3_discspec.jpg>]
<./B/h3_other.jpg, id=1308, 303.534pt x 205.82497pt>
File: ./B/h3_other.jpg Graphic file (type jpg)
 <use ./B/h3_other.jpg>
Package pdftex.def Info: ./B/h3_other.jpg used on input line 1092.
(pdftex.def)             Requested size: 278.83713pt x 189.0786pt.
File: ./B/ArVI_pop.pdf Graphic file (type pdf)

<use ./B/ArVI_pop.pdf>
Package pdftex.def Info: ./B/ArVI_pop.pdf used on input line 1092.
(pdftex.def)             Requested size: 56.9055pt x 33.47905pt.
 [64

 <./B/h3_other.jpg>] (./ism_new.toc)
File: ./B/ArVI_pop.pdf Graphic file (type pdf)

<use ./B/ArVI_pop.pdf>
Package pdftex.def Info: ./B/ArVI_pop.pdf used on input line 1094.
(pdftex.def)             Requested size: 56.9055pt x 33.47905pt.
 [65

]
File: ./B/ArVI_pop.pdf Graphic file (type pdf)
 <use ./B/ArVI_pop.pdf>
Package pdftex.def Info: ./B/ArVI_pop.pdf used on input line 1106.
(pdftex.def)             Requested size: 56.9055pt x 33.47905pt.
 [66

]
File: ./B/ArVI_pop.pdf Graphic file (type pdf)
 <use ./B/ArVI_pop.pdf>
Package pdftex.def Info: ./B/ArVI_pop.pdf used on input line 1121.
(pdftex.def)             Requested size: 56.9055pt x 33.47905pt.

[67

]
File: ./B/ArVI_pop.pdf Graphic file (type pdf)
 <use ./B/ArVI_pop.pdf>
Package pdftex.def Info: ./B/ArVI_pop.pdf used on input line 1146.
(pdftex.def)             Requested size: 56.9055pt x 33.47905pt.
 [68

]
<./B/vandishoeck_fig4_straight.jpg, id=1407, 394.10075pt x 275.10634pt>
File: ./B/vandishoeck_fig4_straight.jpg Graphic file (type jpg)

<use ./B/vandishoeck_fig4_straight.jpg>
Package pdftex.def Info: ./B/vandishoeck_fig4_straight.jpg used on input line 1
165.
(pdftex.def)             Requested size: 136.63171pt x 95.37773pt.
File: ./B/ArVI_pop.pdf Graphic file (type pdf)
 <use ./B/ArVI_pop.pdf>
Package pdftex.def Info: ./B/ArVI_pop.pdf used on input line 1165.
(pdftex.def)             Requested size: 56.9055pt x 33.47905pt.
 [69

 <./B/vandishoeck_fig4_straight.jpg>])
\tf@nav=\write6
\openout6 = `ism_new.nav'.

\tf@toc=\write7
\openout7 = `ism_new.toc'.

\tf@snm=\write8
\openout8 = `ism_new.snm'.

Package atveryend Info: Empty hook `BeforeClearDocument' on input line 156.
Package atveryend Info: Empty hook `AfterLastShipout' on input line 156.
 (./ism_new.aux)
Package atveryend Info: Executing hook `AtVeryEndDocument' on input line 156.
Package atveryend Info: Executing hook `AtEndAfterFileList' on input line 156.
Package rerunfilecheck Info: File `ism_new.out' has not changed.
(rerunfilecheck)             Checksum: 647A5A77AED1A30AA2C86B0BAD73EECE;897.
Package atveryend Info: Empty hook `AtVeryVeryEnd' on input line 156.
 ) 
Here is how much of TeX's memory you used:
 21327 strings out of 495028
 387342 string characters out of 6181497
 469994 words of memory out of 5000000
 23777 multiletter control sequences out of 15000+600000
 107561 words of font info for 131 fonts, out of 8000000 for 9000
 14 hyphenation exceptions out of 8191
 50i,17n,72p,396b,678s stack positions out of 5000i,500n,10000p,200000b,80000s
{/usr/share/texlive/texmf-dist/fonts/enc/dvips/base/8r.enc}</usr/share/texliv
e/texmf-dist/fonts/type1/public/amsfonts/cm/cmex10.pfb></usr/share/texlive/texm
f-dist/fonts/type1/public/amsfonts/cmextra/cmex8.pfb></usr/share/texlive/texmf-
dist/fonts/type1/public/amsfonts/cm/cmmi10.pfb></usr/share/texlive/texmf-dist/f
onts/type1/public/amsfonts/cm/cmmi5.pfb></usr/share/texlive/texmf-dist/fonts/ty
pe1/public/amsfonts/cm/cmmi6.pfb></usr/share/texlive/texmf-dist/fonts/type1/pub
lic/amsfonts/cm/cmmi7.pfb></usr/share/texlive/texmf-dist/fonts/type1/public/ams
fonts/cm/cmmi8.pfb></usr/share/texlive/texmf-dist/fonts/type1/public/amsfonts/c
m/cmmi9.pfb></usr/share/texlive/texmf-dist/fonts/type1/public/amsfonts/cm/cmss1
0.pfb></usr/share/texlive/texmf-dist/fonts/type1/public/amsfonts/cm/cmss12.pfb>
</usr/share/texlive/texmf-dist/fonts/type1/public/amsfonts/cm/cmss8.pfb></usr/s
hare/texlive/texmf-dist/fonts/type1/public/amsfonts/cm/cmss9.pfb></usr/share/te
xlive/texmf-dist/fonts/type1/public/amsfonts/cm/cmsy10.pfb></usr/share/texlive/
texmf-dist/fonts/type1/public/amsfonts/cm/cmsy5.pfb></usr/share/texlive/texmf-d
ist/fonts/type1/public/amsfonts/cm/cmsy7.pfb></usr/share/texlive/texmf-dist/fon
ts/type1/public/amsfonts/cm/cmsy8.pfb></usr/share/texlive/texmf-dist/fonts/type
1/public/amsfonts/cm/cmsy9.pfb></usr/share/texlive/texmf-dist/fonts/type1/publi
c/amsfonts/euler/eufm10.pfb></usr/share/texlive/texmf-dist/fonts/type1/public/a
msfonts/symbols/msam10.pfb></usr/share/texlive/texmf-dist/fonts/type1/public/am
sfonts/symbols/msbm10.pfb></usr/share/texlive/texmf-dist/fonts/type1/urw/courie
r/ucrr8a.pfb></usr/share/texlive/texmf-dist/fonts/type1/urw/helvetic/uhvb8a.pfb
></usr/share/texlive/texmf-dist/fonts/type1/urw/helvetic/uhvr8a.pfb></usr/share
/texlive/texmf-dist/fonts/type1/urw/helvetic/uhvro8a.pfb></usr/share/texlive/te
xmf-dist/fonts/type1/urw/times/utmr8a.pfb>
Output written on ism_new.pdf (69 pages, 2753303 bytes).
PDF statistics:
 1540 PDF objects out of 1728 (max. 8388607)
 1399 compressed objects within 14 object streams
 153 named destinations out of 1000 (max. 500000)
 254 words of extra memory for PDF output out of 10000 (max. 10000000)

